<?xml version="1.0" encoding="UTF-8"?>
<!-- Generated by org.testng.reporters.JUnitReportReporter -->
<testsuite hostname="m-c9kpjhcv0g" failures="0" tests="2" name="TestSuite.Login" time="90.901" errors="0" timestamp="2023-01-16T20:50:45 IST" skipped="0">
  <testcase classname="TestSuite.Login" name="appLaunch" time="90.801"/>
  <system-out/>
  <testcase classname="TestSuite.Login" name="loginValidation" time="0.100"/>
  <system-out/>
</testsuite> <!-- TestSuite.Login -->
